Arguments: 
  /usr/bin/node /home/quan/.yarn/bin/yarn.js run

PATH: 
  /home/quan/.yarn/bin:/home/quan/workspace/kafka_2.13-2.5.0/bin:/home/quan/.cargo/bin:/home/quan/.asdf/shims:/home/quan/.asdf/bin:/opt/android-studio/bin:/home/quan/.rvm/gems/ruby-2.5.0/bin:/home/quan/.rvm/gems/ruby-2.5.0@global/bin:/home/quan/.rvm/rubies/ruby-2.5.0/bin:/home/quan/.rbenv/shims:/home/quan/.rbenv/bin:/home/quan/go/bin:/usr/local/go/bin:/home/quan/bin:/home/quan/bin:/usr/local/sbin:/usr/local/bin:/usr/sbin:/usr/bin:/sbin:/bin:/usr/games:/usr/local/games:/snap/bin:/home/quan/.rvm/bin:/home/quan/Android/Sdk/emulator:/home/quan/Android/Sdk/tools:/home/quan/Android/Sdk/tools/bin:/home/quan/Android/Sdk/platform-tools

Yarn version: 
  1.22.4

Node version: 
  10.18.1

Platform: 
  linux x64

Trace: 
  SyntaxError: /home/quan/workspace/acuity/wsEx/package.json: Unexpected string in JSON at position 129
      at JSON.parse (<anonymous>)
      at /home/quan/.yarn/lib/cli.js:1625:59
      at Generator.next (<anonymous>)
      at step (/home/quan/.yarn/lib/cli.js:310:30)
      at /home/quan/.yarn/lib/cli.js:321:13

npm manifest: 
  {
    "name": "wsEx",
    "version": "1.0.0",
    "main": "index.js",
    "license": "MIT",
    "dependencies": {
      "ws": "^7.3.1"
    }
    "scripts": {
      "start": "node index.js"
    }
  }

yarn manifest: 
  No manifest

Lockfile: 
  # THIS IS AN AUTOGENERATED FILE. DO NOT EDIT THIS FILE DIRECTLY.
  # yarn lockfile v1
  
  
  ws@^7.3.1:
    version "7.3.1"
    resolved "https://registry.yarnpkg.com/ws/-/ws-7.3.1.tgz#d0547bf67f7ce4f12a72dfe31262c68d7dc551c8"
    integrity sha512-D3RuNkynyHmEJIpD2qrgVkc9DQ23OrN/moAwZX4L8DfvszsJxpjQuUq3LMx6HoYji9fbIOBY18XWBsAux1ZZUA==
